Exporter version: 5.6.4, Blender version: 2.79 (sub 0)
========= Conversion from Blender to Babylon.js =========
	Scene settings used :
		export scope        :  ALL
		inline textures     :  false
		Positions Precision :  4
		Normals Precision   :  3
		UVs Precision       :  3
		Vert Color Precision:  3
		Mat Weight Precision:  2
		texture directory   :  C:\Users\Philip Gnann\Documents\babylon_birkle\assets\
	Python World class constructor completed
	processing begun of mesh:  Metall Zinn
		processing begun of Standard material:  Metall Zinn
		num positions      :  208
		num normals        :  208
		num uvs            :  0
		num uvs2           :  0
		num colors         :  0
		num indices        :  1092
	processing begun of mesh:  Holz Schalung, natur, liegend
		processing begun of Standard material:  Holz Schalung, natur, liegend
			Diffuse texture found "Diffuse Texture.051"
				Image texture found, type:  diffuseTexture, mapped using: "UVSet1"
		num positions      :  698
		num normals        :  698
		num uvs            :  1396
		num uvs2           :  0
		num colors         :  0
		num indices        :  891
	processing begun of mesh:  Holz Esche-senkrecht
		processing begun of Standard material:  Holz Esche-senkrecht
			Diffuse texture found "Diffuse Texture.026"
				Image texture found, type:  diffuseTexture, mapped using: "UVSet1"
		num positions      :  192
		num normals        :  192
		num uvs            :  384
		num uvs2           :  0
		num colors         :  0
		num indices        :  264
	processing begun of mesh:  Gummi
		processing begun of Standard material:  Gummi
		num positions      :  8
		num normals        :  8
		num uvs            :  0
		num uvs2           :  0
		num colors         :  0
		num indices        :  36
	processing begun of mesh:  Metall Kupfer
		processing begun of Standard material:  Metall Kupfer
			Diffuse texture found "Diffuse Texture.001"
				Image texture found, type:  diffuseTexture, mapped using: "UVSet1"
		num positions      :  49956
		num normals        :  49956
		num uvs            :  99912
		num uvs2           :  0
		num colors         :  0
		num indices        :  85356
	processing begun of mesh:  Holz Ahorn
		processing begun of Standard material:  Holz Ahorn
			Diffuse texture found "Diffuse Texture.045"
				Image texture found, type:  diffuseTexture, mapped using: "UVSet1"
		num positions      :  2551
		num normals        :  2551
		num uvs            :  5102
		num uvs2           :  0
		num colors         :  0
		num indices        :  3054
	processing begun of mesh:  Farbe, braun
		processing begun of Standard material:  Farbe, braun
		num positions      :  44
		num normals        :  44
		num uvs            :  0
		num uvs2           :  0
		num colors         :  0
		num indices        :  216
	processing begun of mesh:  Holz Schalung, natur, stehend
		processing begun of Standard material:  Holz Schalung, natur, stehend
			Diffuse texture found "Diffuse Texture.054"
				Image texture found, type:  diffuseTexture, mapped using: "UVSet1"
		num positions      :  57
		num normals        :  57
		num uvs            :  114
		num uvs2           :  0
		num colors         :  0
		num indices        :  84
	processing begun of mesh:  Keramik Ton rot
		processing begun of Standard material:  Keramik Ton rot
			Diffuse texture found "Diffuse Texture.056"
				Image texture found, type:  diffuseTexture, mapped using: "UVSet1"
		num positions      :  722
		num normals        :  722
		num uvs            :  1444
		num uvs2           :  0
		num colors         :  0
		num indices        :  972
	processing begun of mesh:  Textil Teppich, grün
		processing begun of Standard material:  Textil Teppich, grün
			Diffuse texture found "Diffuse Texture.021"
				Image texture found, type:  diffuseTexture, mapped using: "UVSet1"
		num positions      :  717
		num normals        :  717
		num uvs            :  1434
		num uvs2           :  0
		num colors         :  0
		num indices        :  888
	processing begun of mesh:  Naturstein Kalkstein
		processing begun of Standard material:  Naturstein Kalkstein
			Diffuse texture found "Diffuse Texture.032"
				Image texture found, type:  diffuseTexture, mapped using: "UVSet1"
		num positions      :  2405
		num normals        :  2405
		num uvs            :  4810
		num uvs2           :  0
		num colors         :  0
		num indices        :  2700
	processing begun of mesh:  Metall Chrom
		processing begun of Standard material:  Metall Chrom
		num positions      :  18454
		num normals        :  18454
		num uvs            :  0
		num uvs2           :  0
		num colors         :  0
		num indices        :  107559
	processing begun of mesh:  Naturstein Kies, grau
		processing begun of Standard material:  Naturstein Kies, grau
			Diffuse texture found "Diffuse Texture.029"
				Image texture found, type:  diffuseTexture, mapped using: "UVSet1"
		num positions      :  926
		num normals        :  926
		num uvs            :  1852
		num uvs2           :  0
		num colors         :  0
		num indices        :  1158
	processing begun of mesh:  Holz Dielen-ortho
		processing begun of Standard material:  Holz Dielen-ortho
			Diffuse texture found "Diffuse Texture.037"
				Image texture found, type:  diffuseTexture, mapped using: "UVSet1"
		num positions      :  58
		num normals        :  58
		num uvs            :  116
		num uvs2           :  0
		num colors         :  0
		num indices        :  120
	processing begun of mesh:  Verputz, Struktur, grau
		processing begun of Standard material:  Verputz, Struktur, grau
			Diffuse texture found "Diffuse Texture.031"
				Image texture found, type:  diffuseTexture, mapped using: "UVSet1"
		num positions      :  5009
		num normals        :  5009
		num uvs            :  10018
		num uvs2           :  0
		num colors         :  0
		num indices        :  7146
	processing begun of mesh:  MW Bruchstein
		processing begun of Standard material:  MW Bruchstein
			Diffuse texture found "Diffuse Texture.035"
				Image texture found, type:  diffuseTexture, mapped using: "UVSet1"
		num positions      :  10
		num normals        :  10
		num uvs            :  20
		num uvs2           :  0
		num colors         :  0
		num indices        :  18
	processing begun of mesh:  Stadtplanung Flurstücke
		processing begun of Standard material:  Stadtplanung Flurstücke
		num positions      :  44
		num normals        :  44
		num uvs            :  0
		num uvs2           :  0
		num colors         :  0
		num indices        :  159
	processing begun of mesh:  Kunststoff PE, weiss
		processing begun of Standard material:  Kunststoff PE, weiss
		num positions      :  12856
		num normals        :  12856
		num uvs            :  0
		num uvs2           :  0
		num colors         :  0
		num indices        :  76542
	processing begun of mesh:  Beton, rauh
		processing begun of Standard material:  Beton, rauh
			Diffuse texture found "Diffuse Texture.014"
				Image texture found, type:  diffuseTexture, mapped using: "UVSet1"
		num positions      :  436
		num normals        :  436
		num uvs            :  872
		num uvs2           :  0
		num colors         :  0
		num indices        :  618
	processing begun of mesh:  Verputz, glatt, weiß
		processing begun of Standard material:  Verputz, glatt, weiß
			Diffuse texture found "Diffuse Texture.018"
				Image texture found, type:  diffuseTexture, mapped using: "UVSet1"
		num positions      :  1863
		num normals        :  1863
		num uvs            :  3726
		num uvs2           :  0
		num colors         :  0
		num indices        :  2472
	processing begun of mesh:  Metall Bronze
		processing begun of Standard material:  Metall Bronze
		num positions      :  103
		num normals        :  103
		num uvs            :  0
		num uvs2           :  0
		num colors         :  0
		num indices        :  555
	processing begun of mesh:  Lack grün
		processing begun of Standard material:  Lack grün
		num positions      :  3683
		num normals        :  3683
		num uvs            :  0
		num uvs2           :  0
		num colors         :  0
		num indices        :  21858
	processing begun of mesh:  MW Ziegel, rotbraun, DF
		processing begun of Standard material:  MW Ziegel, rotbraun, DF
			Diffuse texture found "Diffuse Texture.040"
				Image texture found, type:  diffuseTexture, mapped using: "UVSet1"
		num positions      :  4
		num normals        :  4
		num uvs            :  8
		num uvs2           :  0
		num colors         :  0
		num indices        :  6
	processing begun of mesh:  Holz Schalung, mittel, liegend
		processing begun of Standard material:  Holz Schalung, mittel, liegend
			Diffuse texture found "Diffuse Texture.007"
				Image texture found, type:  diffuseTexture, mapped using: "UVSet1"
		num positions      :  595
		num normals        :  595
		num uvs            :  1190
		num uvs2           :  0
		num colors         :  0
		num indices        :  708
	processing begun of mesh:  Holzwerkstoff Sperrholz
		processing begun of Standard material:  Holzwerkstoff Sperrholz
			Diffuse texture found "Diffuse Texture.039"
				Image texture found, type:  diffuseTexture, mapped using: "UVSet1"
		num positions      :  176
		num normals        :  176
		num uvs            :  352
		num uvs2           :  0
		num colors         :  0
		num indices        :  210
	processing begun of mesh:  Holz Schalung, grau, stehend
		processing begun of Standard material:  Holz Schalung, grau, stehend
			Diffuse texture found "Diffuse Texture.020"
				Image texture found, type:  diffuseTexture, mapped using: "UVSet1"
		num positions      :  8669
		num normals        :  8669
		num uvs            :  17338
		num uvs2           :  0
		num colors         :  0
		num indices        :  10521
	processing begun of mesh:  MW Ziegel, rot, NF, gotisch
		processing begun of Standard material:  MW Ziegel, rot, NF, gotisch
			Diffuse texture found "Diffuse Texture.043"
				Image texture found, type:  diffuseTexture, mapped using: "UVSet1"
		num positions      :  18
		num normals        :  18
		num uvs            :  36
		num uvs2           :  0
		num colors         :  0
		num indices        :  36
	processing begun of mesh:  Leder, braun
		processing begun of Standard material:  Leder, braun
			Diffuse texture found "Diffuse Texture.048"
				Image texture found, type:  diffuseTexture, mapped using: "UVSet1"
		num positions      :  1445
		num normals        :  1445
		num uvs            :  2890
		num uvs2           :  0
		num colors         :  0
		num indices        :  1698
	processing begun of mesh:  Holzwerkstoff Spanplatte
		processing begun of Standard material:  Holzwerkstoff Spanplatte
			Diffuse texture found "Diffuse Texture.024"
				Image texture found, type:  diffuseTexture, mapped using: "UVSet1"
		num positions      :  104
		num normals        :  104
		num uvs            :  208
		num uvs2           :  0
		num colors         :  0
		num indices        :  138
	processing begun of mesh:  Metall Messing
		processing begun of Standard material:  Metall Messing
			Diffuse texture found "Diffuse Texture.046"
				Image texture found, type:  diffuseTexture, mapped using: "UVSet1"
		num positions      :  256
		num normals        :  256
		num uvs            :  512
		num uvs2           :  0
		num colors         :  0
		num indices        :  288
	processing begun of mesh:  Holz Brettschichtholz
		processing begun of Standard material:  Holz Brettschichtholz
			Diffuse texture found "Diffuse Texture.004"
				Image texture found, type:  diffuseTexture, mapped using: "UVSet1"
		num positions      :  250
		num normals        :  250
		num uvs            :  500
		num uvs2           :  0
		num colors         :  0
		num indices        :  276
	processing begun of mesh:  Holz Schalung, grau, liegend
		processing begun of Standard material:  Holz Schalung, grau, liegend
			Diffuse texture found "Diffuse Texture.041"
				Image texture found, type:  diffuseTexture, mapped using: "UVSet1"
		num positions      :  3732
		num normals        :  3732
		num uvs            :  7464
		num uvs2           :  0
		num colors         :  0
		num indices        :  4656
	processing begun of mesh:  Glas Normalglas
		processing begun of Standard material:  Glas Normalglas
		num positions      :  4821
		num normals        :  4821
		num uvs            :  0
		num uvs2           :  0
		num colors         :  0
		num indices        :  21822
	processing begun of mesh:  Unsichtbar
		processing begun of Standard material:  Unsichtbar
		num positions      :  12
		num normals        :  12
		num uvs            :  0
		num uvs2           :  0
		num colors         :  0
		num indices        :  18
	processing begun of mesh:  Metall Stehfalz
		processing begun of Standard material:  Metall Stehfalz
			Diffuse texture found "Diffuse Texture.025"
				Image texture found, type:  diffuseTexture, mapped using: "UVSet1"
		num positions      :  60
		num normals        :  60
		num uvs            :  120
		num uvs2           :  0
		num colors         :  0
		num indices        :  72
	processing begun of mesh:  Metall Rost
		processing begun of Standard material:  Metall Rost
			Diffuse texture found "Diffuse Texture.016"
				Image texture found, type:  diffuseTexture, mapped using: "UVSet1"
		num positions      :  2108
		num normals        :  2108
		num uvs            :  4216
		num uvs2           :  0
		num colors         :  0
		num indices        :  4347
	processing begun of mesh:  Textil Stoff, orange-rot
		processing begun of Standard material:  Textil Stoff, orange-rot
			Diffuse texture found "Diffuse Texture.010"
				Image texture found, type:  diffuseTexture, mapped using: "UVSet1"
		num positions      :  13197
		num normals        :  13197
		num uvs            :  26394
		num uvs2           :  0
		num colors         :  0
		num indices        :  24612
	processing begun of mesh:  Holz Dielen
		processing begun of Standard material:  Holz Dielen
			Diffuse texture found "Diffuse Texture.037"
				Image texture found, type:  diffuseTexture, mapped using: "UVSet1"
		num positions      :  85
		num normals        :  85
		num uvs            :  170
		num uvs2           :  0
		num colors         :  0
		num indices        :  135
	processing begun of mesh:  Fensterrahmen
		processing begun of Standard material:  Fensterrahmen
		num positions      :  12622
		num normals        :  12622
		num uvs            :  0
		num uvs2           :  0
		num colors         :  0
		num indices        :  105324
	processing begun of mesh:  Glas Rauchglas
		processing begun of Standard material:  Glas Rauchglas
		num positions      :  32
		num normals        :  32
		num uvs            :  0
		num uvs2           :  0
		num colors         :  0
		num indices        :  144
	processing begun of mesh:  Metall Stahl, gebürstet
		processing begun of Standard material:  Metall Stahl, gebürstet
			Diffuse texture found "Diffuse Texture.055"
				Image texture found, type:  diffuseTexture, mapped using: "UVSet1"
		num positions      :  1319
		num normals        :  1319
		num uvs            :  2638
		num uvs2           :  0
		num colors         :  0
		num indices        :  1962
	processing begun of mesh:  Naturstein Granit, grau
		processing begun of Standard material:  Naturstein Granit, grau
			Diffuse texture found "Diffuse Texture.022"
				Image texture found, type:  diffuseTexture, mapped using: "UVSet1"
		num positions      :  74
		num normals        :  74
		num uvs            :  148
		num uvs2           :  0
		num colors         :  0
		num indices        :  102
	processing begun of mesh:  Farbe, hellgrau
		processing begun of Standard material:  Farbe, hellgrau
		num positions      :  2452
		num normals        :  2452
		num uvs            :  0
		num uvs2           :  0
		num colors         :  0
		num indices        :  7539
	processing begun of mesh:  Naturstein Sandstein, gelb
		processing begun of Standard material:  Naturstein Sandstein, gelb
			Diffuse texture found "Diffuse Texture.042"
				Image texture found, type:  diffuseTexture, mapped using: "UVSet1"
		num positions      :  46
		num normals        :  46
		num uvs            :  92
		num uvs2           :  0
		num colors         :  0
		num indices        :  72
	processing begun of mesh:  Farbe, weiß
		processing begun of Standard material:  Farbe, weiß
			Diffuse texture found "Diffuse Texture.027"
				Image texture found, type:  diffuseTexture, mapped using: "UVSet1"
		num positions      :  41092
		num normals        :  41092
		num uvs            :  82184
		num uvs2           :  0
		num colors         :  0
		num indices        :  85086
	processing begun of mesh:  Farbe, gelb
		processing begun of Standard material:  Farbe, gelb
		num positions      :  47
		num normals        :  47
		num uvs            :  0
		num uvs2           :  0
		num colors         :  0
		num indices        :  108
	processing begun of mesh:  Beton, Sichtbeton Platten
		processing begun of Standard material:  Beton, Sichtbeton Platten
			Diffuse texture found "Diffuse Texture.003"
				Image texture found, type:  diffuseTexture, mapped using: "UVSet1"
		num positions      :  60
		num normals        :  60
		num uvs            :  120
		num uvs2           :  0
		num colors         :  0
		num indices        :  108
	processing begun of mesh:  Holz Parkett Kiefer
		processing begun of Standard material:  Holz Parkett Kiefer
			Diffuse texture found "Diffuse Texture.050"
				Image texture found, type:  diffuseTexture, mapped using: "UVSet1"
		num positions      :  951
		num normals        :  951
		num uvs            :  1902
		num uvs2           :  0
		num colors         :  0
		num indices        :  1173
	processing begun of mesh:  Dach Schindeln, braun-senkrecht
		processing begun of Standard material:  Dach Schindeln, braun-senkrecht
			Diffuse texture found "Diffuse Texture.038"
				Image texture found, type:  diffuseTexture, mapped using: "UVSet1"
		num positions      :  180
		num normals        :  180
		num uvs            :  360
		num uvs2           :  0
		num colors         :  0
		num indices        :  228
	processing begun of mesh:  Dach Schindeln, braun
		processing begun of Standard material:  Dach Schindeln, braun
			Diffuse texture found "Diffuse Texture.038"
				Image texture found, type:  diffuseTexture, mapped using: "UVSet1"
		num positions      :  6410
		num normals        :  6410
		num uvs            :  12820
		num uvs2           :  0
		num colors         :  0
		num indices        :  8808
	processing begun of mesh:  Asphalt
		processing begun of Standard material:  Asphalt
			Diffuse texture found "Diffuse Texture.005"
				Image texture found, type:  diffuseTexture, mapped using: "UVSet1"
		num positions      :  3296
		num normals        :  3296
		num uvs            :  6592
		num uvs2           :  0
		num colors         :  0
		num indices        :  3726
	processing begun of mesh:  MW Ziegel, braun, NF
		processing begun of Standard material:  MW Ziegel, braun, NF
			Diffuse texture found "Diffuse Texture.028"
				Image texture found, type:  diffuseTexture, mapped using: "UVSet1"
		num positions      :  70
		num normals        :  70
		num uvs            :  140
		num uvs2           :  0
		num colors         :  0
		num indices        :  96
	processing begun of mesh:  Holz Mahagony
		processing begun of Standard material:  Holz Mahagony
			Diffuse texture found "Diffuse Texture.017"
				Image texture found, type:  diffuseTexture, mapped using: "UVSet1"
		num positions      :  391
		num normals        :  391
		num uvs            :  782
		num uvs2           :  0
		num colors         :  0
		num indices        :  510
	processing begun of mesh:  Holz Esche
		processing begun of Standard material:  Holz Esche
			Diffuse texture found "Diffuse Texture.026"
				Image texture found, type:  diffuseTexture, mapped using: "UVSet1"
		num positions      :  26287
		num normals        :  26287
		num uvs            :  52574
		num uvs2           :  0
		num colors         :  0
		num indices        :  33579
	processing begun of mesh:  Lack grau
		processing begun of Standard material:  Lack grau
		num positions      :  762
		num normals        :  762
		num uvs            :  0
		num uvs2           :  0
		num colors         :  0
		num indices        :  4428
	processing begun of mesh:  Metall Aluminium, matt
		processing begun of Standard material:  Metall Aluminium, matt
			Diffuse texture found "Diffuse Texture.052"
				Image texture found, type:  diffuseTexture, mapped using: "UVSet1"
		num positions      :  512
		num normals        :  512
		num uvs            :  1024
		num uvs2           :  0
		num colors         :  0
		num indices        :  618
	processing begun of mesh:  Holz Nußbaum
		processing begun of Standard material:  Holz Nußbaum
			Diffuse texture found "Diffuse Texture.012"
				Image texture found, type:  diffuseTexture, mapped using: "UVSet1"
		num positions      :  55174
		num normals        :  55174
		num uvs            :  110348
		num uvs2           :  0
		num colors         :  0
		num indices        :  77526
	processing begun of mesh:  Spiegel
		processing begun of Standard material:  Spiegel
		num positions      :  16
		num normals        :  16
		num uvs            :  0
		num uvs2           :  0
		num colors         :  0
		num indices        :  72
	processing begun of mesh:  Verputz, Struktur, weiß
		processing begun of Standard material:  Verputz, Struktur, weiß
			Diffuse texture found "Diffuse Texture.036"
				Image texture found, type:  diffuseTexture, mapped using: "UVSet1"
		num positions      :  1269
		num normals        :  1269
		num uvs            :  2538
		num uvs2           :  0
		num colors         :  0
		num indices        :  1890
	processing begun of mesh:  MW Ziegel, rot, NF
		processing begun of Standard material:  MW Ziegel, rot, NF
			Diffuse texture found "Diffuse Texture.002"
				Image texture found, type:  diffuseTexture, mapped using: "UVSet1"
		num positions      :  15
		num normals        :  15
		num uvs            :  30
		num uvs2           :  0
		num colors         :  0
		num indices        :  27
	processing begun of mesh:  Holz Lärche
		processing begun of Standard material:  Holz Lärche
			Diffuse texture found "Diffuse Texture.030"
				Image texture found, type:  diffuseTexture, mapped using: "UVSet1"
		num positions      :  6905
		num normals        :  6905
		num uvs            :  13810
		num uvs2           :  0
		num colors         :  0
		num indices        :  8631
	processing begun of mesh:  Metall Stahl, matt
		processing begun of Standard material:  Metall Stahl, matt
			Diffuse texture found "Diffuse Texture.015"
				Image texture found, type:  diffuseTexture, mapped using: "UVSet1"
		num positions      :  14534
		num normals        :  14534
		num uvs            :  29068
		num uvs2           :  0
		num colors         :  0
		num indices        :  22932
	processing begun of mesh:  Metall Stahl, poliert
		processing begun of Standard material:  Metall Stahl, poliert
			Diffuse texture found "Diffuse Texture.034"
				Image texture found, type:  diffuseTexture, mapped using: "UVSet1"
		num positions      :  2705
		num normals        :  2705
		num uvs            :  5410
		num uvs2           :  0
		num colors         :  0
		num indices        :  4161
	processing begun of mesh:  Dach Schindeln, grau
		processing begun of Standard material:  Dach Schindeln, grau
			Diffuse texture found "Diffuse Texture.008"
				Image texture found, type:  diffuseTexture, mapped using: "UVSet1"
		num positions      :  362
		num normals        :  362
		num uvs            :  724
		num uvs2           :  0
		num colors         :  0
		num indices        :  648
	processing begun of mesh:  PEN_MATERIAL1
		processing begun of Standard material:  PEN_MATERIAL1
		num positions      :  16
		num normals        :  16
		num uvs            :  0
		num uvs2           :  0
		num colors         :  0
		num indices        :  72
	processing begun of mesh:  Holz Kiefer
		processing begun of Standard material:  Holz Kiefer
			Diffuse texture found "Diffuse Texture"
				Image texture found, type:  diffuseTexture, mapped using: "UVSet1"
		num positions      :  11171
		num normals        :  11171
		num uvs            :  22342
		num uvs2           :  0
		num colors         :  0
		num indices        :  14955
	processing begun of mesh:  Natur Busch
		processing begun of Standard material:  Natur Busch
			Diffuse texture found "Diffuse Texture.023"
				Image texture found, type:  diffuseTexture, mapped using: "UVSet1"
		num positions      :  33
		num normals        :  33
		num uvs            :  66
		num uvs2           :  0
		num colors         :  0
		num indices        :  36
	processing begun of mesh:  Verputz, Struktur, creme
		processing begun of Standard material:  Verputz, Struktur, creme
			Diffuse texture found "Diffuse Texture.044"
				Image texture found, type:  diffuseTexture, mapped using: "UVSet1"
		num positions      :  73
		num normals        :  73
		num uvs            :  146
		num uvs2           :  0
		num colors         :  0
		num indices        :  102
	processing begun of mesh:  Holz Schalung, mittel, stehend
		processing begun of Standard material:  Holz Schalung, mittel, stehend
			Diffuse texture found "Diffuse Texture.053"
				Image texture found, type:  diffuseTexture, mapped using: "UVSet1"
		num positions      :  3128
		num normals        :  3128
		num uvs            :  6256
		num uvs2           :  0
		num colors         :  0
		num indices        :  3588
	processing begun of mesh:  Farbe, schwarz
		processing begun of Standard material:  Farbe, schwarz
		num positions      :  1975
		num normals        :  1975
		num uvs            :  0
		num uvs2           :  0
		num colors         :  0
		num indices        :  10707
	processing begun of mesh:  PEN_MATERIAL2
		processing begun of Standard material:  PEN_MATERIAL2
		num positions      :  24
		num normals        :  24
		num uvs            :  0
		num uvs2           :  0
		num colors         :  0
		num indices        :  72
	processing begun of mesh:  Naturstein Marmor, weiß
		processing begun of Standard material:  Naturstein Marmor, weiß
			Diffuse texture found "Diffuse Texture.049"
				Image texture found, type:  diffuseTexture, mapped using: "UVSet1"
		num positions      :  1500
		num normals        :  1500
		num uvs            :  3000
		num uvs2           :  0
		num colors         :  0
		num indices        :  2700
	processing begun of mesh:  Linoleum, hellgrau
		processing begun of Standard material:  Linoleum, hellgrau
			Diffuse texture found "Diffuse Texture.009"
				Image texture found, type:  diffuseTexture, mapped using: "UVSet1"
		num positions      :  24
		num normals        :  24
		num uvs            :  48
		num uvs2           :  0
		num colors         :  0
		num indices        :  54
	processing begun of mesh:  Holz Parkett Buche
		processing begun of Standard material:  Holz Parkett Buche
			Diffuse texture found "Diffuse Texture.033"
				Image texture found, type:  diffuseTexture, mapped using: "UVSet1"
		num positions      :  82
		num normals        :  82
		num uvs            :  164
		num uvs2           :  0
		num colors         :  0
		num indices        :  147
	processing begun of mesh:  Lack weiß
		processing begun of Standard material:  Lack weiß
		num positions      :  4744
		num normals        :  4744
		num uvs            :  0
		num uvs2           :  0
		num colors         :  0
		num indices        :  28068
	processing begun of mesh:  Farbe, grau
		processing begun of Standard material:  Farbe, grau
		num positions      :  1496
		num normals        :  1496
		num uvs            :  0
		num uvs2           :  0
		num colors         :  0
		num indices        :  7014
	processing begun of mesh:  Metall Stahl, verzinkt
		processing begun of Standard material:  Metall Stahl, verzinkt
			Diffuse texture found "Diffuse Texture.047"
				Image texture found, type:  diffuseTexture, mapped using: "UVSet1"
		num positions      :  1048
		num normals        :  1048
		num uvs            :  2096
		num uvs2           :  0
		num colors         :  0
		num indices        :  1740
	processing begun of mesh:  Verputz, weiß
		processing begun of Standard material:  Verputz, weiß
			Diffuse texture found "Diffuse Texture.011"
				Image texture found, type:  diffuseTexture, mapped using: "UVSet1"
		num positions      :  22908
		num normals        :  22908
		num uvs            :  45816
		num uvs2           :  0
		num colors         :  0
		num indices        :  29703
	processing begun of mesh:  GDLM84_builtInMatLampBulb
		processing begun of Standard material:  GDLM84_builtInMatLampBulb
		num positions      :  43
		num normals        :  43
		num uvs            :  0
		num uvs2           :  0
		num colors         :  0
		num indices        :  246
	processing begun of mesh:  Holz Eiche
		processing begun of Standard material:  Holz Eiche
			Diffuse texture found "Diffuse Texture.006"
				Image texture found, type:  diffuseTexture, mapped using: "UVSet1"
		num positions      :  1354
		num normals        :  1354
		num uvs            :  2708
		num uvs2           :  0
		num colors         :  0
		num indices        :  1746
	processing begun of mesh:  Holz Nußbaum-horizontal
		processing begun of Standard material:  Holz Nußbaum-horizontal
			Diffuse texture found "Diffuse Texture.012"
				Image texture found, type:  diffuseTexture, mapped using: "UVSet1"
		num positions      :  3262
		num normals        :  3262
		num uvs            :  6524
		num uvs2           :  0
		num colors         :  0
		num indices        :  4323
	processing begun of mesh:  Natur Eis
		processing begun of Standard material:  Natur Eis
		num positions      :  8
		num normals        :  8
		num uvs            :  0
		num uvs2           :  0
		num colors         :  0
		num indices        :  36
	processing begun of mesh:  Holz Kirsche
		processing begun of Standard material:  Holz Kirsche
			Diffuse texture found "Diffuse Texture.019"
				Image texture found, type:  diffuseTexture, mapped using: "UVSet1"
		num positions      :  652
		num normals        :  652
		num uvs            :  1304
		num uvs2           :  0
		num colors         :  0
		num indices        :  756
	processing begun of mesh:  Holzwerkstoff MDF, blau
		processing begun of Standard material:  Holzwerkstoff MDF, blau
			Diffuse texture found "Diffuse Texture.013"
				Image texture found, type:  diffuseTexture, mapped using: "UVSet1"
		num positions      :  492
		num normals        :  492
		num uvs            :  984
		num uvs2           :  0
		num colors         :  0
		num indices        :  606
	processing begun of camera (UniversalCamera):  Camera
	processing begun of light (POINT):  Lamp
========= Writing of scene file started =========
========= Writing of scene file completed =========
========= end of processing =========
elapsed time:  0 min, 54.7612 secs
